<?xml version="1.0" encoding="utf-8" standalone="no"?>
<!--This file represents the results of running a test suite-->
<test-results name="G:\Workspaces\Learning\Net\TestingCI\HelloApp.Test\bin\Debug\HelloApp.Test.dll" total="1" errors="0" failures="0" not-run="0" inconclusive="0" ignored="0" skipped="0" invalid="0" date="2014-02-02" time="16:03:11">
  <environment nunit-version="2.6.3.13283" clr-version="2.0.50727.6407" os-version="Microsoft Windows NT 6.2.9200.0" platform="Win32NT" cwd="G:\Workspaces\Learning\Net\TestingCI\packages\NUnit.Runners.2.6.3\tools" machine-name="MKOSANOVIC" user="Temp" user-domain="mkosanovic" />
  <culture-info current-culture="hr-HR" current-uiculture="en-US" />
  <test-suite type="Assembly" name="G:\Workspaces\Learning\Net\TestingCI\HelloApp.Test\bin\Debug\HelloApp.Test.dll" executed="True" result="Success" success="True" time="0.048" asserts="0">
    <results>
      <test-suite type="Namespace" name="HelloApp" executed="True" result="Success" success="True" time="0.031" asserts="0">
        <results>
          <test-suite type="Namespace" name="Test" executed="True" result="Success" success="True" time="0.031" asserts="0">
            <results>
              <test-suite type="TestFixture" name="HelloTest" executed="True" result="Success" success="True" time="0.028" asserts="0">
                <results>
                  <test-case name="HelloApp.Test.HelloTest.RandomTest" executed="True" result="Success" success="True" time="0.017" asserts="0" />
                </results>
              </test-suite>
            </results>
          </test-suite>
        </results>
      </test-suite>
    </results>
  </test-suite>
</test-results>